<?xml version="1.0" encoding="UTF-8"?>
<!-- Generated by org.testng.reporters.JUnitReportReporter -->
<testsuite hostname="ES-Waleedkhan" failures="0" tests="3" name="Tests.TestExample" time="6.751" errors="0" timestamp="2022-06-26T15:01:48 PKT" skipped="0">
  <testcase classname="Tests.TestExample" name="test1" time="4.208"/>
  <system-out/>
  <testcase classname="Tests.TestExample" name="testpost" time="0.673"/>
  <system-out/>
  <testcase classname="Tests.TestExample" name="test2" time="1.870"/>
  <system-out/>
</testsuite> <!-- Tests.TestExample -->
