<?xml version="1.0" encoding="UTF-8"?>
<!-- Generated by org.testng.reporters.JUnitReportReporter -->
<testsuite hostname="ES-Waleedkhan" failures="0" tests="2" name="Tests.PutPatchDeleteExamle" time="5.679" errors="0" timestamp="2022-06-26T15:19:23 PKT" skipped="0">
  <testcase classname="Tests.PutPatchDeleteExamle" name="TestDelete" time="4.586"/>
  <system-out/>
  <testcase classname="Tests.PutPatchDeleteExamle" name="TestPut" time="1.093"/>
  <system-out/>
</testsuite> <!-- Tests.PutPatchDeleteExamle -->
