<?xml version="1.0" encoding="UTF-8"?>
<!-- Generated by org.testng.reporters.JUnitReportReporter -->
<testsuite hostname="ES-Waleedkhan" failures="0" tests="1" name="Tests.TestLocalApi" time="2.989" errors="0" timestamp="2022-06-26T17:31:20 PKT" skipped="0">
  <testcase classname="Tests.TestLocalApi" name="TestDelete" time="2.989"/>
  <system-out/>
</testsuite> <!-- Tests.TestLocalApi -->
