<?xml version="1.0" encoding="UTF-8"?>
<!-- Generated by org.testng.reporters.JUnitReportReporter -->
<testsuite hostname="ES-Waleedkhan" failures="0" tests="1" name="Tests.PostExample" time="4.423" errors="0" timestamp="2022-06-26T15:10:49 PKT" skipped="0">
  <testcase classname="Tests.PostExample" name="testpost" time="4.423"/>
  <system-out/>
</testsuite> <!-- Tests.PostExample -->
